#
# There is insufficient memory for the Java Runtime Environment to continue.
# Native memory allocation (malloc) failed to allocate 434736 bytes for Chunk::new
# Possible reasons:
#   The system is out of physical RAM or swap space
#   The process is running with CompressedOops enabled, and the Java Heap may be blocking the growth of the native heap
# Possible solutions:
#   Reduce memory load on the system
#   Increase physical memory or swap space
#   Check if swap backing store is full
#   Decrease Java heap size (-Xmx/-Xms)
#   Decrease number of Java threads
#   Decrease Java thread stack sizes (-Xss)
#   Set larger code cache with -XX:ReservedCodeCacheSize=
#   JVM is running with Unscaled Compressed Oops mode in which the Java heap is
#     placed in the first 4GB address space. The Java Heap base address is the
#     maximum limit for the native heap growth. Please use -XX:HeapBaseMinAddress
#     to set the Java Heap base and to place the Java Heap above 4GB virtual address.
# This output file may be truncated or incomplete.
#
#  Out of Memory Error (arena.cpp:168), pid=9180, tid=6928
#
# JRE version: OpenJDK Runtime Environment (21.0.1+12) (build 21.0.1+12-29)
# Java VM: OpenJDK 64-Bit Server VM (21.0.1+12-29, mixed mode, sharing, tiered, compressed oops, compressed class ptrs, g1 gc, windows-amd64)
# No core dump will be written. Minidumps are not enabled by default on client versions of Windows
#

---------------  S U M M A R Y ------------

Command Line: -javaagent:C:\Program Files\JetBrains\IntelliJ IDEA Community Edition 2023.2.5\lib\idea_rt.jar=55005:C:\Program Files\JetBrains\IntelliJ IDEA Community Edition 2023.2.5\bin -Dfile.encoding=UTF-8 -Dsun.stdout.encoding=UTF-8 -Dsun.stderr.encoding=UTF-8 meu.booking_rebuild.BookingRebuildApplication

Host: AMD Ryzen 5 3550H with Radeon Vega Mobile Gfx  , 8 cores, 7G,  Windows 11 , 64 bit Build 22621 (10.0.22621.2506)
Time: Thu Dec 21 17:32:02 2023 SE Asia Standard Time elapsed time: 71.800661 seconds (0d 0h 1m 11s)

---------------  T H R E A D  ---------------

Current thread (0x000001ba7b6834d0):  JavaThread "C2 CompilerThread0" daemon [_thread_in_native, id=6928, stack(0x00000060b9100000,0x00000060b9200000) (1024K)]


Current CompileTask:
C2:  71801 12120   !   4       org.apache.coyote.AbstractProtocol$ConnectionHandler::process (1288 bytes)

Stack: [0x00000060b9100000,0x00000060b9200000]
Native frames: (J=compiled Java code, j=interpreted, Vv=VM code, C=native code)
V  [jvm.dll+0x6c9029]
V  [jvm.dll+0x854b81]
V  [jvm.dll+0x856e5e]
V  [jvm.dll+0x857543]
V  [jvm.dll+0x280c06]
V  [jvm.dll+0xc3ead]
V  [jvm.dll+0xc43c3]
V  [jvm.dll+0x3b576c]
V  [jvm.dll+0x382475]
V  [jvm.dll+0x3818ea]
V  [jvm.dll+0x249ad0]
V  [jvm.dll+0x2490b1]
V  [jvm.dll+0x1c9ca1]
V  [jvm.dll+0x2586b9]
V  [jvm.dll+0x256c9a]
V  [jvm.dll+0x3ef1b6]
V  [jvm.dll+0x7fd728]
V  [jvm.dll+0x6c777d]
C  [ucrtbase.dll+0x29363]
C  [KERNEL32.DLL+0x1257d]
C  [ntdll.dll+0x5aa58]


---------------  P R O C E S S  ---------------

Threads class SMR info:
_java_thread_list=0x000001ba4a600bd0, length=31, elements={
0x000001ba7b67d950, 0x000001ba7b67e820, 0x000001ba7b67f590, 0x000001ba7b67fff0,
0x000001ba7b680a50, 0x000001ba7b684cb0, 0x000001ba7b6834d0, 0x000001ba7b694240,
0x000001ba451a8ff0, 0x000001ba453adee0, 0x000001ba453ae550, 0x000001ba4818ebf0,
0x000001ba47b37770, 0x000001ba4712f960, 0x000001ba4675a7c0, 0x000001ba4675bb70,
0x000001ba4675ae50, 0x000001ba46758d80, 0x000001ba4675c200, 0x000001ba46759410,
0x000001ba4a93af00, 0x000001ba4a93a870, 0x000001ba4a937a80, 0x000001ba4a93e380,
0x000001ba4a938110, 0x000001ba4a9387a0, 0x000001ba4a93cfd0, 0x000001ba4a93c2b0,
0x000001ba4a93dcf0, 0x000001ba4a93bc20, 0x000001ba4a93ea10
}

Java Threads: ( => current thread )
  0x000001ba7b67d950 JavaThread "Reference Handler"          daemon [_thread_blocked, id=31612, stack(0x00000060b8b00000,0x00000060b8c00000) (1024K)]
  0x000001ba7b67e820 JavaThread "Finalizer"                  daemon [_thread_blocked, id=13472, stack(0x00000060b8c00000,0x00000060b8d00000) (1024K)]
  0x000001ba7b67f590 JavaThread "Signal Dispatcher"          daemon [_thread_blocked, id=9208, stack(0x00000060b8d00000,0x00000060b8e00000) (1024K)]
  0x000001ba7b67fff0 JavaThread "Attach Listener"            daemon [_thread_blocked, id=19652, stack(0x00000060b8e00000,0x00000060b8f00000) (1024K)]
  0x000001ba7b680a50 JavaThread "Service Thread"             daemon [_thread_blocked, id=16216, stack(0x00000060b8f00000,0x00000060b9000000) (1024K)]
  0x000001ba7b684cb0 JavaThread "Monitor Deflation Thread"   daemon [_thread_blocked, id=19232, stack(0x00000060b9000000,0x00000060b9100000) (1024K)]
=>0x000001ba7b6834d0 JavaThread "C2 CompilerThread0"         daemon [_thread_in_native, id=6928, stack(0x00000060b9100000,0x00000060b9200000) (1024K)]
  0x000001ba7b694240 JavaThread "C1 CompilerThread0"         daemon [_thread_blocked, id=31228, stack(0x00000060b9200000,0x00000060b9300000) (1024K)]
  0x000001ba451a8ff0 JavaThread "Common-Cleaner"             daemon [_thread_blocked, id=9976, stack(0x00000060b9300000,0x00000060b9400000) (1024K)]
  0x000001ba453adee0 JavaThread "Monitor Ctrl-Break"         daemon [_thread_in_native, id=31220, stack(0x00000060b9400000,0x00000060b9500000) (1024K)]
  0x000001ba453ae550 JavaThread "Notification Thread"        daemon [_thread_blocked, id=20400, stack(0x00000060b9500000,0x00000060b9600000) (1024K)]
  0x000001ba4818ebf0 JavaThread "Catalina-utility-1"                [_thread_blocked, id=29416, stack(0x00000060ba100000,0x00000060ba200000) (1024K)]
  0x000001ba47b37770 JavaThread "Catalina-utility-2"                [_thread_blocked, id=31252, stack(0x00000060ba200000,0x00000060ba300000) (1024K)]
  0x000001ba4712f960 JavaThread "container-0"                       [_thread_blocked, id=8664, stack(0x00000060ba300000,0x00000060ba400000) (1024K)]
  0x000001ba4675a7c0 JavaThread "PostgreSQL-JDBC-Cleaner"    daemon [_thread_blocked, id=27988, stack(0x00000060b9d00000,0x00000060b9e00000) (1024K)]
  0x000001ba4675bb70 JavaThread "HikariPool-1 housekeeper"   daemon [_thread_blocked, id=31504, stack(0x00000060ba500000,0x00000060ba600000) (1024K)]
  0x000001ba4675ae50 JavaThread "File Watcher"               daemon [_thread_blocked, id=24076, stack(0x00000060ba600000,0x00000060ba700000) (1024K)]
  0x000001ba46758d80 JavaThread "Live Reload Server"         daemon [_thread_in_native, id=12672, stack(0x00000060ba900000,0x00000060baa00000) (1024K)]
  0x000001ba4675c200 JavaThread "http-nio-5050-exec-1"       daemon [_thread_blocked, id=28180, stack(0x00000060ba800000,0x00000060ba900000) (1024K)]
  0x000001ba46759410 JavaThread "http-nio-5050-exec-2"       daemon [_thread_blocked, id=28188, stack(0x00000060baa00000,0x00000060bab00000) (1024K)]
  0x000001ba4a93af00 JavaThread "http-nio-5050-exec-3"       daemon [_thread_blocked, id=19476, stack(0x00000060bab00000,0x00000060bac00000) (1024K)]
  0x000001ba4a93a870 JavaThread "http-nio-5050-exec-4"       daemon [_thread_blocked, id=21808, stack(0x00000060bac00000,0x00000060bad00000) (1024K)]
  0x000001ba4a937a80 JavaThread "http-nio-5050-exec-5"       daemon [_thread_blocked, id=9368, stack(0x00000060bad00000,0x00000060bae00000) (1024K)]
  0x000001ba4a93e380 JavaThread "http-nio-5050-exec-6"       daemon [_thread_blocked, id=19248, stack(0x00000060bae00000,0x00000060baf00000) (1024K)]
  0x000001ba4a938110 JavaThread "http-nio-5050-exec-7"       daemon [_thread_in_native, id=2508, stack(0x00000060baf00000,0x00000060bb000000) (1024K)]
  0x000001ba4a9387a0 JavaThread "http-nio-5050-exec-8"       daemon [_thread_blocked, id=28012, stack(0x00000060bb000000,0x00000060bb100000) (1024K)]
  0x000001ba4a93cfd0 JavaThread "http-nio-5050-exec-9"       daemon [_thread_blocked, id=5868, stack(0x00000060bb100000,0x00000060bb200000) (1024K)]
  0x000001ba4a93c2b0 JavaThread "http-nio-5050-exec-10"      daemon [_thread_blocked, id=26028, stack(0x00000060bb200000,0x00000060bb300000) (1024K)]
  0x000001ba4a93dcf0 JavaThread "http-nio-5050-Poller"       daemon [_thread_in_native, id=23040, stack(0x00000060bb300000,0x00000060bb400000) (1024K)]
  0x000001ba4a93bc20 JavaThread "http-nio-5050-Acceptor"     daemon [_thread_in_native, id=13956, stack(0x00000060bb400000,0x00000060bb500000) (1024K)]
  0x000001ba4a93ea10 JavaThread "DestroyJavaVM"                     [_thread_blocked, id=9376, stack(0x00000060b8300000,0x00000060b8400000) (1024K)]
Total: 31

Other Threads:
  0x000001ba7b65f840 VMThread "VM Thread"                           [id=15348, stack(0x00000060b8a00000,0x00000060b8b00000) (1024K)]
  0x000001ba7b6456c0 WatcherThread "VM Periodic Task Thread"        [id=11612, stack(0x00000060b8900000,0x00000060b8a00000) (1024K)]
  0x000001ba5eeb23b0 WorkerThread "GC Thread#0"                     [id=23116, stack(0x00000060b8400000,0x00000060b8500000) (1024K)]
  0x000001ba459f7330 WorkerThread "GC Thread#1"                     [id=13620, stack(0x00000060b9800000,0x00000060b9900000) (1024K)]
  0x000001ba459f76d0 WorkerThread "GC Thread#2"                     [id=11356, stack(0x00000060b9900000,0x00000060b9a00000) (1024K)]
  0x000001ba459f7a70 WorkerThread "GC Thread#3"                     [id=20836, stack(0x00000060b9a00000,0x00000060b9b00000) (1024K)]
  0x000001ba45ebe5e0 WorkerThread "GC Thread#4"                     [id=11364, stack(0x00000060b9b00000,0x00000060b9c00000) (1024K)]
  0x000001ba45ebd760 WorkerThread "GC Thread#5"                     [id=19860, stack(0x00000060b9c00000,0x00000060b9d00000) (1024K)]
  0x000001ba45ebd020 WorkerThread "GC Thread#6"                     [id=12452, stack(0x00000060b9e00000,0x00000060b9f00000) (1024K)]
  0x000001ba45ebd3c0 WorkerThread "GC Thread#7"                     [id=5524, stack(0x00000060b9f00000,0x00000060ba000000) (1024K)]
  0x000001ba5eec2a50 ConcurrentGCThread "G1 Main Marker"            [id=11988, stack(0x00000060b8500000,0x00000060b8600000) (1024K)]
  0x000001ba5eec3550 WorkerThread "G1 Conc#0"                       [id=30160, stack(0x00000060b8600000,0x00000060b8700000) (1024K)]
  0x000001ba45ebe240 WorkerThread "G1 Conc#1"                       [id=5700, stack(0x00000060ba000000,0x00000060ba100000) (1024K)]
  0x000001ba7b517500 ConcurrentGCThread "G1 Refine#0"               [id=6604, stack(0x00000060b8700000,0x00000060b8800000) (1024K)]
  0x000001ba7b517d20 ConcurrentGCThread "G1 Service"                [id=5452, stack(0x00000060b8800000,0x00000060b8900000) (1024K)]
Total: 15

Threads with active compile tasks:
C2 CompilerThread0    71849 12120   !   4       org.apache.coyote.AbstractProtocol$ConnectionHandler::process (1288 bytes)
Total: 1

VM state: not at safepoint (normal execution)

VM Mutex/Monitor currently owned by a thread: None

Heap address: 0x0000000084e00000, size: 1970 MB, Compressed Oops mode: 32-bit

CDS archive(s) mapped at: [0x000001ba00000000-0x000001ba00c90000-0x000001ba00c90000), size 13172736, SharedBaseAddress: 0x000001ba00000000, ArchiveRelocationMode: 1.
Compressed class space mapped at: 0x000001ba01000000-0x000001ba41000000, reserved size: 1073741824
Narrow klass base: 0x000001ba00000000, Narrow klass shift: 0, Narrow klass range: 0x100000000

GC Precious Log:
 CardTable entry size: 512
 Card Set container configuration: InlinePtr #cards 5 size 8 Array Of Cards #cards 12 size 40 Howl #buckets 4 coarsen threshold 1843 Howl Bitmap #cards 512 size 80 coarsen threshold 460 Card regions per heap region 1 cards per card region 2048
 CPUs: 8 total, 8 available
 Memory: 7873M
 Large Page Support: Disabled
 NUMA Support: Disabled
 Compressed Oops: Enabled (32-bit)
 Heap Region Size: 1M
 Heap Min Capacity: 8M
 Heap Initial Capacity: 124M
 Heap Max Capacity: 1970M
 Pre-touch: Disabled
 Parallel Workers: 8
 Concurrent Workers: 2
 Concurrent Refinement Workers: 8
 Periodic GC: Disabled

Heap:
 garbage-first heap   total 101376K, used 46672K [0x0000000084e00000, 0x0000000100000000)
  region size 1024K, 8 young (8192K), 1 survivors (1024K)
 Metaspace       used 76927K, committed 77760K, reserved 1179648K
  class space    used 10230K, committed 10624K, reserved 1048576K

Heap Regions: E=young(eden), S=young(survivor), O=old, HS=humongous(starts), HC=humongous(continues), CS=collection set, F=free, TAMS=top-at-mark-start, PB=parsable bottom
|   0|0x0000000084e00000, 0x0000000084f00000, 0x0000000084f00000|100%|HS|  |TAMS 0x0000000084e00000| PB 0x0000000084e00000| Complete 
|   1|0x0000000084f00000, 0x0000000085000000, 0x0000000085000000|100%|HS|  |TAMS 0x0000000084f00000| PB 0x0000000084f00000| Complete 
|   2|0x0000000085000000, 0x0000000085100000, 0x0000000085100000|100%|HS|  |TAMS 0x0000000085000000| PB 0x0000000085000000| Complete 
|   3|0x0000000085100000, 0x0000000085200000, 0x0000000085200000|100%|HC|  |TAMS 0x0000000085100000| PB 0x0000000085100000| Complete 
|   4|0x0000000085200000, 0x0000000085300000, 0x0000000085300000|100%|HS|  |TAMS 0x0000000085200000| PB 0x0000000085200000| Complete 
|   5|0x0000000085300000, 0x0000000085400000, 0x0000000085400000|100%|HC|  |TAMS 0x0000000085300000| PB 0x0000000085300000| Complete 
|   6|0x0000000085400000, 0x0000000085500000, 0x0000000085500000|100%| O|  |TAMS 0x0000000085400000| PB 0x0000000085400000| Untracked 
|   7|0x0000000085500000, 0x0000000085600000, 0x0000000085600000|100%| O|  |TAMS 0x0000000085500000| PB 0x0000000085500000| Untracked 
|   8|0x0000000085600000, 0x0000000085700000, 0x0000000085700000|100%| O|  |TAMS 0x0000000085600000| PB 0x0000000085600000| Untracked 
|   9|0x0000000085700000, 0x0000000085800000, 0x0000000085800000|100%| O|  |TAMS 0x0000000085700000| PB 0x0000000085700000| Untracked 
|  10|0x0000000085800000, 0x0000000085900000, 0x0000000085900000|100%| O|  |TAMS 0x0000000085800000| PB 0x0000000085800000| Untracked 
|  11|0x0000000085900000, 0x0000000085a00000, 0x0000000085a00000|100%| O|  |TAMS 0x0000000085900000| PB 0x0000000085900000| Untracked 
|  12|0x0000000085a00000, 0x0000000085afeed8, 0x0000000085b00000| 99%| O|  |TAMS 0x0000000085a00000| PB 0x0000000085a00000| Untracked 
|  13|0x0000000085b00000, 0x0000000085c00000, 0x0000000085c00000|100%| O|  |TAMS 0x0000000085b00000| PB 0x0000000085b00000| Untracked 
|  14|0x0000000085c00000, 0x0000000085d00000, 0x0000000085d00000|100%| O|  |TAMS 0x0000000085c00000| PB 0x0000000085c00000| Untracked 
|  15|0x0000000085d00000, 0x0000000085e00000, 0x0000000085e00000|100%| O|  |TAMS 0x0000000085d00000| PB 0x0000000085d00000| Untracked 
|  16|0x0000000085e00000, 0x0000000085f00000, 0x0000000085f00000|100%| O|  |TAMS 0x0000000085e00000| PB 0x0000000085e00000| Untracked 
|  17|0x0000000085f00000, 0x0000000086000000, 0x0000000086000000|100%| O|  |TAMS 0x0000000085f00000| PB 0x0000000085f00000| Untracked 
|  18|0x0000000086000000, 0x0000000086100000, 0x0000000086100000|100%| O|  |TAMS 0x0000000086000000| PB 0x0000000086000000| Untracked 
|  19|0x0000000086100000, 0x0000000086200000, 0x0000000086200000|100%| O|  |TAMS 0x0000000086100000| PB 0x0000000086100000| Untracked 
|  20|0x0000000086200000, 0x0000000086300000, 0x0000000086300000|100%| O|Cm|TAMS 0x0000000086200000| PB 0x0000000086200000| Complete 
|  21|0x0000000086300000, 0x0000000086400000, 0x0000000086400000|100%| O|  |TAMS 0x0000000086300000| PB 0x0000000086300000| Untracked 
|  22|0x0000000086400000, 0x0000000086500000, 0x0000000086500000|100%| O|  |TAMS 0x0000000086400000| PB 0x0000000086400000| Untracked 
|  23|0x0000000086500000, 0x0000000086600000, 0x0000000086600000|100%| O|  |TAMS 0x0000000086500000| PB 0x0000000086500000| Untracked 
|  24|0x0000000086600000, 0x0000000086700000, 0x0000000086700000|100%| O|  |TAMS 0x0000000086600000| PB 0x0000000086600000| Untracked 
|  25|0x0000000086700000, 0x00000000867757d0, 0x0000000086800000| 45%| O|  |TAMS 0x0000000086700000| PB 0x0000000086700000| Untracked 
|  26|0x0000000086800000, 0x0000000086900000, 0x0000000086900000|100%| O|  |TAMS 0x0000000086800000| PB 0x0000000086800000| Untracked 
|  27|0x0000000086900000, 0x0000000086a00000, 0x0000000086a00000|100%| O|  |TAMS 0x0000000086900000| PB 0x0000000086900000| Untracked 
|  28|0x0000000086a00000, 0x0000000086b00000, 0x0000000086b00000|100%| O|  |TAMS 0x0000000086a00000| PB 0x0000000086a00000| Untracked 
|  29|0x0000000086b00000, 0x0000000086c00000, 0x0000000086c00000|100%| O|  |TAMS 0x0000000086b00000| PB 0x0000000086b00000| Untracked 
|  30|0x0000000086c00000, 0x0000000086d00000, 0x0000000086d00000|100%| O|  |TAMS 0x0000000086c00000| PB 0x0000000086c00000| Untracked 
|  31|0x0000000086d00000, 0x0000000086d00000, 0x0000000086e00000|  0%| F|  |TAMS 0x0000000086d00000| PB 0x0000000086d00000| Untracked 
|  32|0x0000000086e00000, 0x0000000086f00000, 0x0000000086f00000|100%| O|  |TAMS 0x0000000086e00000| PB 0x0000000086e00000| Untracked 
|  33|0x0000000086f00000, 0x0000000087000000, 0x0000000087000000|100%| O|  |TAMS 0x0000000086f00000| PB 0x0000000086f00000| Untracked 
|  34|0x0000000087000000, 0x0000000087100000, 0x0000000087100000|100%| O|  |TAMS 0x0000000087000000| PB 0x0000000087000000| Untracked 
|  35|0x0000000087100000, 0x0000000087200000, 0x0000000087200000|100%| O|  |TAMS 0x0000000087100000| PB 0x0000000087100000| Untracked 
|  36|0x0000000087200000, 0x0000000087300000, 0x0000000087300000|100%| O|  |TAMS 0x0000000087200000| PB 0x0000000087200000| Untracked 
|  37|0x0000000087300000, 0x0000000087300000, 0x0000000087400000|  0%| F|  |TAMS 0x0000000087300000| PB 0x0000000087300000| Untracked 
|  38|0x0000000087400000, 0x0000000087500000, 0x0000000087500000|100%| O|  |TAMS 0x0000000087400000| PB 0x0000000087400000| Untracked 
|  39|0x0000000087500000, 0x0000000087500000, 0x0000000087600000|  0%| F|  |TAMS 0x0000000087500000| PB 0x0000000087500000| Untracked 
|  40|0x0000000087600000, 0x0000000087600000, 0x0000000087700000|  0%| F|  |TAMS 0x0000000087600000| PB 0x0000000087600000| Untracked 
|  41|0x0000000087700000, 0x0000000087700000, 0x0000000087800000|  0%| F|  |TAMS 0x0000000087700000| PB 0x0000000087700000| Untracked 
|  42|0x0000000087800000, 0x0000000087800000, 0x0000000087900000|  0%| F|  |TAMS 0x0000000087800000| PB 0x0000000087800000| Untracked 
|  43|0x0000000087900000, 0x0000000087900000, 0x0000000087a00000|  0%| F|  |TAMS 0x0000000087900000| PB 0x0000000087900000| Untracked 
|  44|0x0000000087a00000, 0x0000000087a1fba0, 0x0000000087b00000| 12%| S|CS|TAMS 0x0000000087a00000| PB 0x0000000087a00000| Complete 
|  45|0x0000000087b00000, 0x0000000087b00000, 0x0000000087c00000|  0%| F|  |TAMS 0x0000000087b00000| PB 0x0000000087b00000| Untracked 
|  46|0x0000000087c00000, 0x0000000087c00000, 0x0000000087d00000|  0%| F|  |TAMS 0x0000000087c00000| PB 0x0000000087c00000| Untracked 
|  47|0x0000000087d00000, 0x0000000087d00000, 0x0000000087e00000|  0%| F|  |TAMS 0x0000000087d00000| PB 0x0000000087d00000| Untracked 
|  48|0x0000000087e00000, 0x0000000087e00000, 0x0000000087f00000|  0%| F|  |TAMS 0x0000000087e00000| PB 0x0000000087e00000| Untracked 
|  49|0x0000000087f00000, 0x0000000087f00000, 0x0000000088000000|  0%| F|  |TAMS 0x0000000087f00000| PB 0x0000000087f00000| Untracked 
|  50|0x0000000088000000, 0x0000000088000000, 0x0000000088100000|  0%| F|  |TAMS 0x0000000088000000| PB 0x0000000088000000| Untracked 
|  51|0x0000000088100000, 0x0000000088100000, 0x0000000088200000|  0%| F|  |TAMS 0x0000000088100000| PB 0x0000000088100000| Untracked 
|  52|0x0000000088200000, 0x0000000088200000, 0x0000000088300000|  0%| F|  |TAMS 0x0000000088200000| PB 0x0000000088200000| Untracked 
|  53|0x0000000088300000, 0x0000000088300000, 0x0000000088400000|  0%| F|  |TAMS 0x0000000088300000| PB 0x0000000088300000| Untracked 
|  54|0x0000000088400000, 0x0000000088400000, 0x0000000088500000|  0%| F|  |TAMS 0x0000000088400000| PB 0x0000000088400000| Untracked 
|  55|0x0000000088500000, 0x0000000088500000, 0x0000000088600000|  0%| F|  |TAMS 0x0000000088500000| PB 0x0000000088500000| Untracked 
|  56|0x0000000088600000, 0x0000000088600000, 0x0000000088700000|  0%| F|  |TAMS 0x0000000088600000| PB 0x0000000088600000| Untracked 
|  57|0x0000000088700000, 0x0000000088700000, 0x0000000088800000|  0%| F|  |TAMS 0x0000000088700000| PB 0x0000000088700000| Untracked 
|  58|0x0000000088800000, 0x0000000088800000, 0x0000000088900000|  0%| F|  |TAMS 0x0000000088800000| PB 0x0000000088800000| Untracked 
|  59|0x0000000088900000, 0x0000000088900000, 0x0000000088a00000|  0%| F|  |TAMS 0x0000000088900000| PB 0x0000000088900000| Untracked 
|  60|0x0000000088a00000, 0x0000000088a00000, 0x0000000088b00000|  0%| F|  |TAMS 0x0000000088a00000| PB 0x0000000088a00000| Untracked 
|  61|0x0000000088b00000, 0x0000000088b00000, 0x0000000088c00000|  0%| F|  |TAMS 0x0000000088b00000| PB 0x0000000088b00000| Untracked 
|  62|0x0000000088c00000, 0x0000000088c00000, 0x0000000088d00000|  0%| F|  |TAMS 0x0000000088c00000| PB 0x0000000088c00000| Untracked 
|  63|0x0000000088d00000, 0x0000000088d00000, 0x0000000088e00000|  0%| F|  |TAMS 0x0000000088d00000| PB 0x0000000088d00000| Untracked 
|  64|0x0000000088e00000, 0x0000000088e00000, 0x0000000088f00000|  0%| F|  |TAMS 0x0000000088e00000| PB 0x0000000088e00000| Untracked 
|  65|0x0000000088f00000, 0x0000000088f00000, 0x0000000089000000|  0%| F|  |TAMS 0x0000000088f00000| PB 0x0000000088f00000| Untracked 
|  66|0x0000000089000000, 0x0000000089000000, 0x0000000089100000|  0%| F|  |TAMS 0x0000000089000000| PB 0x0000000089000000| Untracked 
|  67|0x0000000089100000, 0x0000000089100000, 0x0000000089200000|  0%| F|  |TAMS 0x0000000089100000| PB 0x0000000089100000| Untracked 
|  68|0x0000000089200000, 0x0000000089200000, 0x0000000089300000|  0%| F|  |TAMS 0x0000000089200000| PB 0x0000000089200000| Untracked 
|  69|0x0000000089300000, 0x0000000089300000, 0x0000000089400000|  0%| F|  |TAMS 0x0000000089300000| PB 0x0000000089300000| Untracked 
|  70|0x0000000089400000, 0x0000000089400000, 0x0000000089500000|  0%| F|  |TAMS 0x0000000089400000| PB 0x0000000089400000| Untracked 
|  71|0x0000000089500000, 0x0000000089500000, 0x0000000089600000|  0%| F|  |TAMS 0x0000000089500000| PB 0x0000000089500000| Untracked 
|  72|0x0000000089600000, 0x0000000089600000, 0x0000000089700000|  0%| F|  |TAMS 0x0000000089600000| PB 0x0000000089600000| Untracked 
|  73|0x0000000089700000, 0x0000000089700000, 0x0000000089800000|  0%| F|  |TAMS 0x0000000089700000| PB 0x0000000089700000| Untracked 
|  74|0x0000000089800000, 0x0000000089800000, 0x0000000089900000|  0%| F|  |TAMS 0x0000000089800000| PB 0x0000000089800000| Untracked 
|  75|0x0000000089900000, 0x0000000089900000, 0x0000000089a00000|  0%| F|  |TAMS 0x0000000089900000| PB 0x0000000089900000| Untracked 
|  76|0x0000000089a00000, 0x0000000089a00000, 0x0000000089b00000|  0%| F|  |TAMS 0x0000000089a00000| PB 0x0000000089a00000| Untracked 
|  77|0x0000000089b00000, 0x0000000089b00000, 0x0000000089c00000|  0%| F|  |TAMS 0x0000000089b00000| PB 0x0000000089b00000| Untracked 
|  78|0x0000000089c00000, 0x0000000089c00000, 0x0000000089d00000|  0%| F|  |TAMS 0x0000000089c00000| PB 0x0000000089c00000| Untracked 
|  79|0x0000000089d00000, 0x0000000089d00000, 0x0000000089e00000|  0%| F|  |TAMS 0x0000000089d00000| PB 0x0000000089d00000| Untracked 
|  80|0x0000000089e00000, 0x0000000089e00000, 0x0000000089f00000|  0%| F|  |TAMS 0x0000000089e00000| PB 0x0000000089e00000| Untracked 
|  81|0x0000000089f00000, 0x0000000089f00000, 0x000000008a000000|  0%| F|  |TAMS 0x0000000089f00000| PB 0x0000000089f00000| Untracked 
|  82|0x000000008a000000, 0x000000008a000000, 0x000000008a100000|  0%| F|  |TAMS 0x000000008a000000| PB 0x000000008a000000| Untracked 
|  83|0x000000008a100000, 0x000000008a100000, 0x000000008a200000|  0%| F|  |TAMS 0x000000008a100000| PB 0x000000008a100000| Untracked 
|  84|0x000000008a200000, 0x000000008a200000, 0x000000008a300000|  0%| F|  |TAMS 0x000000008a200000| PB 0x000000008a200000| Untracked 
|  85|0x000000008a300000, 0x000000008a300000, 0x000000008a400000|  0%| F|  |TAMS 0x000000008a300000| PB 0x000000008a300000| Untracked 
|  86|0x000000008a400000, 0x000000008a400000, 0x000000008a500000|  0%| F|  |TAMS 0x000000008a400000| PB 0x000000008a400000| Untracked 
|  87|0x000000008a500000, 0x000000008a500000, 0x000000008a600000|  0%| F|  |TAMS 0x000000008a500000| PB 0x000000008a500000| Untracked 
|  88|0x000000008a600000, 0x000000008a600000, 0x000000008a700000|  0%| F|  |TAMS 0x000000008a600000| PB 0x000000008a600000| Untracked 
|  89|0x000000008a700000, 0x000000008a766a00, 0x000000008a800000| 40%| E|  |TAMS 0x000000008a700000| PB 0x000000008a700000| Complete 
|  90|0x000000008a800000, 0x000000008a900000, 0x000000008a900000|100%| E|CS|TAMS 0x000000008a800000| PB 0x000000008a800000| Complete 
|  91|0x000000008a900000, 0x000000008aa00000, 0x000000008aa00000|100%| E|CS|TAMS 0x000000008a900000| PB 0x000000008a900000| Complete 
|  92|0x000000008aa00000, 0x000000008ab00000, 0x000000008ab00000|100%| E|CS|TAMS 0x000000008aa00000| PB 0x000000008aa00000| Complete 
|  93|0x000000008ab00000, 0x000000008ac00000, 0x000000008ac00000|100%| E|CS|TAMS 0x000000008ab00000| PB 0x000000008ab00000| Complete 
|  94|0x000000008ac00000, 0x000000008ad00000, 0x000000008ad00000|100%| E|CS|TAMS 0x000000008ac00000| PB 0x000000008ac00000| Complete 
| 123|0x000000008c900000, 0x000000008ca00000, 0x000000008ca00000|100%| E|CS|TAMS 0x000000008c900000| PB 0x000000008c900000| Complete 
|1967|0x00000000ffd00000, 0x00000000ffe00000, 0x00000000ffe00000|100%| O|  |TAMS 0x00000000ffd00000| PB 0x00000000ffd00000| Untracked 
|1968|0x00000000ffe00000, 0x00000000fff00000, 0x00000000fff00000|100%| O|  |TAMS 0x00000000ffe00000| PB 0x00000000ffe00000| Untracked 
|1969|0x00000000fff00000, 0x0000000100000000, 0x0000000100000000|100%| O|  |TAMS 0x00000000fff00000| PB 0x00000000fff00000| Untracked 

Card table byte_map: [0x000001ba769b0000,0x000001ba76d90000] _byte_map_base: 0x000001ba76589000

Marking Bits: (CMBitMap*) 0x000001ba5eeb2ab0
 Bits: [0x000001ba76d90000, 0x000001ba78c58000)

Polling page: 0x000001ba5ce40000

Metaspace:

Usage:
  Non-class:     65.13 MB used.
      Class:      9.99 MB used.
       Both:     75.12 MB used.

Virtual space:
  Non-class space:      128.00 MB reserved,      65.56 MB ( 51%) committed,  2 nodes.
      Class space:        1.00 GB reserved,      10.38 MB (  1%) committed,  1 nodes.
             Both:        1.12 GB reserved,      75.94 MB (  7%) committed. 

Chunk freelists:
   Non-Class:  13.83 MB
       Class:  5.67 MB
        Both:  19.50 MB

MaxMetaspaceSize: unlimited
CompressedClassSpaceSize: 1.00 GB
Initial GC threshold: 21.00 MB
Current GC threshold: 126.56 MB
CDS: on
 - commit_granule_bytes: 65536.
 - commit_granule_words: 8192.
 - virtual_space_node_default_size: 8388608.
 - enlarge_chunks_in_place: 1.
 - use_allocation_guard: 0.


Internal statistics:

num_allocs_failed_limit: 9.
num_arena_births: 1224.
num_arena_deaths: 18.
num_vsnodes_births: 3.
num_vsnodes_deaths: 0.
num_space_committed: 1215.
num_space_uncommitted: 0.
num_chunks_returned_to_freelist: 35.
num_chunks_taken_from_freelist: 4147.
num_chunk_merges: 19.
num_chunk_splits: 2926.
num_chunks_enlarged: 2238.
num_inconsistent_stats: 0.

CodeHeap 'non-profiled nmethods': size=120000Kb used=9615Kb max_used=9615Kb free=110384Kb
 bounds [0x000001ba6ed70000, 0x000001ba6f6e0000, 0x000001ba762a0000]
CodeHeap 'profiled nmethods': size=120000Kb used=16298Kb max_used=20558Kb free=103702Kb
 bounds [0x000001ba672a0000, 0x000001ba686c0000, 0x000001ba6e7d0000]
CodeHeap 'non-nmethods': size=5760Kb used=1684Kb max_used=1763Kb free=4076Kb
 bounds [0x000001ba6e7d0000, 0x000001ba6ea40000, 0x000001ba6ed70000]
 total_blobs=10194 nmethods=9479 adapters=618
 compilation: enabled
              stopped_count=0, restarted_count=0
 full_count=0

Compilation events (20 events):
Event: 70.778 Thread 0x000001ba7b6834d0 nmethod 12110 0x000001ba6f6cb110 code [0x000001ba6f6cb2c0, 0x000001ba6f6cb6d0]
Event: 70.860 Thread 0x000001ba7b6834d0 12111   !   4       org.springframework.data.jpa.repository.query.HqlParser::entityName (188 bytes)
Event: 70.947 Thread 0x000001ba7b6834d0 nmethod 12111 0x000001ba6f6cbb10 code [0x000001ba6f6cbf60, 0x000001ba6f6cdf38]
Event: 70.980 Thread 0x000001ba7b6834d0 12112       4       org.springframework.web.method.annotation.ModelFactory::findSessionAttributeArguments (88 bytes)
Event: 70.981 Thread 0x000001ba7b6834d0 nmethod 12112 0x000001ba6f6cf490 code [0x000001ba6f6cf620, 0x000001ba6f6cf770]
Event: 70.982 Thread 0x000001ba7b6834d0 12113   !   4       org.hibernate.query.sqm.internal.QuerySqmImpl::verifySelect (34 bytes)
Event: 70.983 Thread 0x000001ba7b6834d0 nmethod 12113 0x000001ba6f6cf910 code [0x000001ba6f6cfaa0, 0x000001ba6f6cfb80]
Event: 71.113 Thread 0x000001ba7b6834d0 12114       4       org.hibernate.LockOptions::findGreatestLockMode (71 bytes)
Event: 71.114 Thread 0x000001ba7b6834d0 nmethod 12114 0x000001ba6f6cfc90 code [0x000001ba6f6cfe20, 0x000001ba6f6cfef0]
Event: 71.204 Thread 0x000001ba7b6834d0 12115       4       org.springframework.data.repository.query.ParametersParameterAccessor::<init> (91 bytes)
Event: 71.207 Thread 0x000001ba7b6834d0 nmethod 12115 0x000001ba6f6cff90 code [0x000001ba6f6d0140, 0x000001ba6f6d0480]
Event: 71.354 Thread 0x000001ba7b6834d0 12116       4       org.hibernate.query.spi.AbstractSelectionQuery::beforeQuery (140 bytes)
Event: 71.366 Thread 0x000001ba7b6834d0 nmethod 12116 0x000001ba6f6d0690 code [0x000001ba6f6d08a0, 0x000001ba6f6d0d60]
Event: 71.694 Thread 0x000001ba7b6834d0 12117       4       org.apache.coyote.AbstractProtocol$ConnectionHandler::release (70 bytes)
Event: 71.743 Thread 0x000001ba7b6834d0 nmethod 12117 0x000001ba6f6d1510 code [0x000001ba6f6d17c0, 0x000001ba6f6d29d0]
Event: 71.745 Thread 0x000001ba7b6834d0 12118       4       org.apache.tomcat.util.threads.ThreadPoolExecutor$Worker::tryAcquire (20 bytes)
Event: 71.747 Thread 0x000001ba7b6834d0 nmethod 12118 0x000001ba6f6d3490 code [0x000001ba6f6d3620, 0x000001ba6f6d37b0]
Event: 71.752 Thread 0x000001ba7b6834d0 12119       4       org.apache.tomcat.util.threads.ThreadPoolExecutor$Worker::lock (6 bytes)
Event: 71.754 Thread 0x000001ba7b6834d0 nmethod 12119 0x000001ba6f6d3890 code [0x000001ba6f6d3a20, 0x000001ba6f6d3bb0]
Event: 71.757 Thread 0x000001ba7b6834d0 12120   !   4       org.apache.coyote.AbstractProtocol$ConnectionHandler::process (1288 bytes)

GC Heap History (20 events):
Event: 50.035 GC heap before
{Heap before GC invocations=35 (full 0):
 garbage-first heap   total 101376K, used 93914K [0x0000000084e00000, 0x0000000100000000)
  region size 1024K, 53 young (54272K), 1 survivors (1024K)
 Metaspace       used 76933K, committed 77760K, reserved 1179648K
  class space    used 10234K, committed 10624K, reserved 1048576K
}
Event: 50.042 GC heap after
{Heap after GC invocations=36 (full 0):
 garbage-first heap   total 101376K, used 40709K [0x0000000084e00000, 0x0000000100000000)
  region size 1024K, 1 young (1024K), 1 survivors (1024K)
 Metaspace       used 76933K, committed 77760K, reserved 1179648K
  class space    used 10234K, committed 10624K, reserved 1048576K
}
Event: 52.183 GC heap before
{Heap before GC invocations=36 (full 0):
 garbage-first heap   total 101376K, used 92933K [0x0000000084e00000, 0x0000000100000000)
  region size 1024K, 52 young (53248K), 1 survivors (1024K)
 Metaspace       used 76934K, committed 77760K, reserved 1179648K
  class space    used 10234K, committed 10624K, reserved 1048576K
}
Event: 52.187 GC heap after
{Heap after GC invocations=37 (full 0):
 garbage-first heap   total 101376K, used 40515K [0x0000000084e00000, 0x0000000100000000)
  region size 1024K, 1 young (1024K), 1 survivors (1024K)
 Metaspace       used 76934K, committed 77760K, reserved 1179648K
  class space    used 10234K, committed 10624K, reserved 1048576K
}
Event: 53.429 GC heap before
{Heap before GC invocations=37 (full 0):
 garbage-first heap   total 101376K, used 92739K [0x0000000084e00000, 0x0000000100000000)
  region size 1024K, 52 young (53248K), 1 survivors (1024K)
 Metaspace       used 76934K, committed 77760K, reserved 1179648K
  class space    used 10234K, committed 10624K, reserved 1048576K
}
Event: 53.432 GC heap after
{Heap after GC invocations=38 (full 0):
 garbage-first heap   total 101376K, used 40607K [0x0000000084e00000, 0x0000000100000000)
  region size 1024K, 1 young (1024K), 1 survivors (1024K)
 Metaspace       used 76934K, committed 77760K, reserved 1179648K
  class space    used 10234K, committed 10624K, reserved 1048576K
}
Event: 55.304 GC heap before
{Heap before GC invocations=39 (full 0):
 garbage-first heap   total 101376K, used 92831K [0x0000000084e00000, 0x0000000100000000)
  region size 1024K, 52 young (53248K), 1 survivors (1024K)
 Metaspace       used 76918K, committed 77760K, reserved 1179648K
  class space    used 10230K, committed 10624K, reserved 1048576K
}
Event: 55.306 GC heap after
{Heap after GC invocations=40 (full 0):
 garbage-first heap   total 101376K, used 40622K [0x0000000084e00000, 0x0000000100000000)
  region size 1024K, 1 young (1024K), 1 survivors (1024K)
 Metaspace       used 76918K, committed 77760K, reserved 1179648K
  class space    used 10230K, committed 10624K, reserved 1048576K
}
Event: 57.089 GC heap before
{Heap before GC invocations=40 (full 0):
 garbage-first heap   total 101376K, used 92846K [0x0000000084e00000, 0x0000000100000000)
  region size 1024K, 52 young (53248K), 1 survivors (1024K)
 Metaspace       used 76918K, committed 77760K, reserved 1179648K
  class space    used 10230K, committed 10624K, reserved 1048576K
}
Event: 57.095 GC heap after
{Heap after GC invocations=41 (full 0):
 garbage-first heap   total 101376K, used 40505K [0x0000000084e00000, 0x0000000100000000)
  region size 1024K, 1 young (1024K), 1 survivors (1024K)
 Metaspace       used 76918K, committed 77760K, reserved 1179648K
  class space    used 10230K, committed 10624K, reserved 1048576K
}
Event: 59.081 GC heap before
{Heap before GC invocations=41 (full 0):
 garbage-first heap   total 101376K, used 92729K [0x0000000084e00000, 0x0000000100000000)
  region size 1024K, 52 young (53248K), 1 survivors (1024K)
 Metaspace       used 76918K, committed 77760K, reserved 1179648K
  class space    used 10230K, committed 10624K, reserved 1048576K
}
Event: 59.084 GC heap after
{Heap after GC invocations=42 (full 0):
 garbage-first heap   total 101376K, used 40574K [0x0000000084e00000, 0x0000000100000000)
  region size 1024K, 1 young (1024K), 1 survivors (1024K)
 Metaspace       used 76918K, committed 77760K, reserved 1179648K
  class space    used 10230K, committed 10624K, reserved 1048576K
}
Event: 62.862 GC heap before
{Heap before GC invocations=43 (full 0):
 garbage-first heap   total 101376K, used 92798K [0x0000000084e00000, 0x0000000100000000)
  region size 1024K, 52 young (53248K), 1 survivors (1024K)
 Metaspace       used 76919K, committed 77760K, reserved 1179648K
  class space    used 10230K, committed 10624K, reserved 1048576K
}
Event: 62.864 GC heap after
{Heap after GC invocations=44 (full 0):
 garbage-first heap   total 101376K, used 40589K [0x0000000084e00000, 0x0000000100000000)
  region size 1024K, 1 young (1024K), 1 survivors (1024K)
 Metaspace       used 76919K, committed 77760K, reserved 1179648K
  class space    used 10230K, committed 10624K, reserved 1048576K
}
Event: 63.889 GC heap before
{Heap before GC invocations=44 (full 0):
 garbage-first heap   total 101376K, used 92813K [0x0000000084e00000, 0x0000000100000000)
  region size 1024K, 52 young (53248K), 1 survivors (1024K)
 Metaspace       used 76919K, committed 77760K, reserved 1179648K
  class space    used 10230K, committed 10624K, reserved 1048576K
}
Event: 63.893 GC heap after
{Heap after GC invocations=45 (full 0):
 garbage-first heap   total 101376K, used 40463K [0x0000000084e00000, 0x0000000100000000)
  region size 1024K, 1 young (1024K), 1 survivors (1024K)
 Metaspace       used 76919K, committed 77760K, reserved 1179648K
  class space    used 10230K, committed 10624K, reserved 1048576K
}
Event: 65.699 GC heap before
{Heap before GC invocations=45 (full 0):
 garbage-first heap   total 101376K, used 92687K [0x0000000084e00000, 0x0000000100000000)
  region size 1024K, 52 young (53248K), 1 survivors (1024K)
 Metaspace       used 76920K, committed 77760K, reserved 1179648K
  class space    used 10230K, committed 10624K, reserved 1048576K
}
Event: 65.703 GC heap after
{Heap after GC invocations=46 (full 0):
 garbage-first heap   total 101376K, used 40560K [0x0000000084e00000, 0x0000000100000000)
  region size 1024K, 1 young (1024K), 1 survivors (1024K)
 Metaspace       used 76920K, committed 77760K, reserved 1179648K
  class space    used 10230K, committed 10624K, reserved 1048576K
}
Event: 71.638 GC heap before
{Heap before GC invocations=47 (full 0):
 garbage-first heap   total 101376K, used 92784K [0x0000000084e00000, 0x0000000100000000)
  region size 1024K, 52 young (53248K), 1 survivors (1024K)
 Metaspace       used 76927K, committed 77760K, reserved 1179648K
  class space    used 10230K, committed 10624K, reserved 1048576K
}
Event: 71.640 GC heap after
{Heap after GC invocations=48 (full 0):
 garbage-first heap   total 101376K, used 40528K [0x0000000084e00000, 0x0000000100000000)
  region size 1024K, 1 young (1024K), 1 survivors (1024K)
 Metaspace       used 76927K, committed 77760K, reserved 1179648K
  class space    used 10230K, committed 10624K, reserved 1048576K
}

Dll operation events (14 events):
Event: 0.052 Loaded shared library C:\jdk-21.0.1\bin\java.dll
Event: 0.141 Loaded shared library C:\jdk-21.0.1\bin\jsvml.dll
Event: 0.452 Loaded shared library C:\jdk-21.0.1\bin\zip.dll
Event: 0.461 Loaded shared library C:\jdk-21.0.1\bin\instrument.dll
Event: 0.478 Loaded shared library C:\jdk-21.0.1\bin\net.dll
Event: 0.482 Loaded shared library C:\jdk-21.0.1\bin\nio.dll
Event: 0.494 Loaded shared library C:\jdk-21.0.1\bin\zip.dll
Event: 0.888 Loaded shared library C:\Program Files\JetBrains\IntelliJ IDEA Community Edition 2023.2.5\bin\breakgen64.dll
Event: 0.915 Loaded shared library C:\jdk-21.0.1\bin\extnet.dll
Event: 1.029 Loaded shared library C:\jdk-21.0.1\bin\jimage.dll
Event: 1.642 Loaded shared library C:\jdk-21.0.1\bin\management.dll
Event: 1.649 Loaded shared library C:\jdk-21.0.1\bin\management_ext.dll
Event: 3.615 Loaded shared library C:\jdk-21.0.1\bin\sunmscapi.dll
Event: 10.666 Loaded shared library C:\jdk-21.0.1\bin\verify.dll

Deoptimization events (20 events):
Event: 63.309 Thread 0x000001ba4a93a870 DEOPT PACKING pc=0x000001ba6f3d9e84 sp=0x00000060bacfeb00
Event: 63.309 Thread 0x000001ba4a93a870 DEOPT UNPACKING pc=0x000001ba6e8246a2 sp=0x00000060bacfeac8 mode 2
Event: 67.458 Thread 0x000001ba4a937a80 Uncommon trap: trap_request=0xffffffbe fr.pc=0x000001ba6f68df54 relative=0x00000000000005d4
Event: 67.458 Thread 0x000001ba4a937a80 Uncommon trap: reason=profile_predicate action=maybe_recompile pc=0x000001ba6f68df54 method=java.util.concurrent.ConcurrentHashMap$Traverser.advance()Ljava/util/concurrent/ConcurrentHashMap$Node; @ 15 c2
Event: 67.458 Thread 0x000001ba4a937a80 DEOPT PACKING pc=0x000001ba6f68df54 sp=0x00000060badfd560
Event: 67.458 Thread 0x000001ba4a937a80 DEOPT UNPACKING pc=0x000001ba6e8246a2 sp=0x00000060badfd218 mode 2
Event: 67.484 Thread 0x000001ba4a9387a0 Uncommon trap: trap_request=0xffffffbe fr.pc=0x000001ba6f68df54 relative=0x00000000000005d4
Event: 67.484 Thread 0x000001ba4a9387a0 Uncommon trap: reason=profile_predicate action=maybe_recompile pc=0x000001ba6f68df54 method=java.util.concurrent.ConcurrentHashMap$Traverser.advance()Ljava/util/concurrent/ConcurrentHashMap$Node; @ 15 c2
Event: 67.484 Thread 0x000001ba4a9387a0 DEOPT PACKING pc=0x000001ba6f68df54 sp=0x00000060bb0fd560
Event: 67.484 Thread 0x000001ba4a9387a0 DEOPT UNPACKING pc=0x000001ba6e8246a2 sp=0x00000060bb0fd218 mode 2
Event: 67.489 Thread 0x000001ba4a93a870 Uncommon trap: trap_request=0xffffffbe fr.pc=0x000001ba6f68df54 relative=0x00000000000005d4
Event: 67.489 Thread 0x000001ba4a93a870 Uncommon trap: reason=profile_predicate action=maybe_recompile pc=0x000001ba6f68df54 method=java.util.concurrent.ConcurrentHashMap$Traverser.advance()Ljava/util/concurrent/ConcurrentHashMap$Node; @ 15 c2
Event: 67.489 Thread 0x000001ba4a93a870 DEOPT PACKING pc=0x000001ba6f68df54 sp=0x00000060bacfda80
Event: 67.489 Thread 0x000001ba4a93a870 DEOPT UNPACKING pc=0x000001ba6e8246a2 sp=0x00000060bacfd738 mode 2
Event: 67.497 Thread 0x000001ba4a93af00 Uncommon trap: trap_request=0xffffffbe fr.pc=0x000001ba6f68df54 relative=0x00000000000005d4
Event: 67.497 Thread 0x000001ba4a93af00 Uncommon trap: reason=profile_predicate action=maybe_recompile pc=0x000001ba6f68df54 method=java.util.concurrent.ConcurrentHashMap$Traverser.advance()Ljava/util/concurrent/ConcurrentHashMap$Node; @ 15 c2
Event: 67.497 Thread 0x000001ba4a93af00 DEOPT PACKING pc=0x000001ba6f68df54 sp=0x00000060babfdb50
Event: 67.497 Thread 0x000001ba4a93af00 DEOPT UNPACKING pc=0x000001ba6e8246a2 sp=0x00000060babfd808 mode 2
Event: 69.305 Thread 0x000001ba4a93e380 DEOPT PACKING pc=0x000001ba679e44aa sp=0x00000060baefd2a0
Event: 69.305 Thread 0x000001ba4a93e380 DEOPT UNPACKING pc=0x000001ba6e824e42 sp=0x00000060baefc888 mode 0

Classes loaded (20 events):
Event: 18.741 Loading class java/time/format/DateTimeFormatterBuilder$ZoneTextPrinterParser
Event: 18.741 Loading class java/time/format/DateTimeFormatterBuilder$ZoneTextPrinterParser done
Event: 18.742 Loading class java/time/format/DateTimeFormatterBuilder$ReducedPrinterParser
Event: 18.742 Loading class java/time/format/DateTimeFormatterBuilder$ReducedPrinterParser done
Event: 18.847 Loading class java/util/AbstractMap$SimpleEntry
Event: 18.847 Loading class java/util/AbstractMap$SimpleEntry done
Event: 19.141 Loading class java/util/OptionalLong
Event: 19.141 Loading class java/util/OptionalLong done
Event: 19.141 Loading class java/util/OptionalDouble
Event: 19.141 Loading class java/util/OptionalDouble done
Event: 19.191 Loading class java/util/stream/LongStream
Event: 19.191 Loading class java/util/stream/LongStream done
Event: 19.191 Loading class java/util/stream/DoubleStream
Event: 19.192 Loading class java/util/stream/DoubleStream done
Event: 19.216 Loading class org/w3c/dom/Node
Event: 19.217 Loading class org/w3c/dom/Node done
Event: 19.217 Loading class org/w3c/dom/Document
Event: 19.217 Loading class org/w3c/dom/Document done
Event: 29.071 Loading class sun/util/locale/LocaleExtensions
Event: 29.076 Loading class sun/util/locale/LocaleExtensions done

Classes unloaded (9 events):
Event: 53.471 Thread 0x000001ba7b65f840 Unloading class 0x000001ba01a28800 'java/lang/invoke/LambdaForm$MH+0x000001ba01a28800'
Event: 53.471 Thread 0x000001ba7b65f840 Unloading class 0x000001ba01a28400 'java/lang/invoke/LambdaForm$MH+0x000001ba01a28400'
Event: 53.471 Thread 0x000001ba7b65f840 Unloading class 0x000001ba01a28000 'java/lang/invoke/LambdaForm$MH+0x000001ba01a28000'
Event: 53.471 Thread 0x000001ba7b65f840 Unloading class 0x000001ba01a25c00 'java/lang/invoke/LambdaForm$MH+0x000001ba01a25c00'
Event: 53.471 Thread 0x000001ba7b65f840 Unloading class 0x000001ba01a25800 'java/lang/invoke/LambdaForm$MH+0x000001ba01a25800'
Event: 53.471 Thread 0x000001ba7b65f840 Unloading class 0x000001ba01a24800 'java/lang/invoke/LambdaForm$DMH+0x000001ba01a24800'
Event: 53.471 Thread 0x000001ba7b65f840 Unloading class 0x000001ba01a24400 'java/lang/invoke/LambdaForm$DMH+0x000001ba01a24400'
Event: 53.471 Thread 0x000001ba7b65f840 Unloading class 0x000001ba01a25000 'java/lang/invoke/LambdaForm$DMH+0x000001ba01a25000'
Event: 53.471 Thread 0x000001ba7b65f840 Unloading class 0x000001ba01a24c00 'java/lang/invoke/LambdaForm$DMH+0x000001ba01a24c00'

Classes redefined (0 events):
No events

Internal exceptions (20 events):
Event: 18.331 Thread 0x000001ba45eb3b30 Exception <a 'java/lang/NoSuchMethodError'{0x00000000886f6a98}: 'java.lang.Object java.lang.invoke.DirectMethodHandle$Holder.newInvokeSpecial(java.lang.Object, java.lang.Object, int, java.lang.Object, int)'> (0x00000000886f6a98) 
thrown [s\open\src\hotspot\share\interpreter\linkResolver.cpp, line 773]
Event: 18.332 Thread 0x000001ba45eb3b30 Exception <a 'java/lang/NoSuchMethodError'{0x00000000886fa908}: 'java.lang.Object java.lang.invoke.DirectMethodHandle$Holder.invokeSpecial(java.lang.Object, java.lang.Object, java.lang.Object, int, java.lang.Object, int)'> (0x00000000886fa908) 
thrown [s\open\src\hotspot\share\interpreter\linkResolver.cpp, line 773]
Event: 18.611 Thread 0x000001ba4a93af00 Exception <a 'java/lang/NoSuchMethodError'{0x000000008800e1f0}: 'java.lang.Object java.lang.invoke.DirectMethodHandle$Holder.invokeSpecial(java.lang.Object, java.lang.Object, java.lang.Object, java.lang.Object, java.lang.Object, long)'> (0x000000008800e1f0) 
thrown [s\open\src\hotspot\share\interpreter\linkResolver.cpp, line 773]
Event: 18.611 Thread 0x000001ba4a93af00 Exception <a 'java/lang/NoSuchMethodError'{0x00000000880119b0}: 'java.lang.Object java.lang.invoke.Invokers$Holder.linkToTargetMethod(java.lang.Object, java.lang.Object, java.lang.Object, long, java.lang.Object)'> (0x00000000880119b0) 
thrown [s\open\src\hotspot\share\interpreter\linkResolver.cpp, line 773]
Event: 19.028 Thread 0x000001ba4a93e380 Exception <a 'java/lang/NoSuchMethodError'{0x0000000089994730}: 'void java.lang.invoke.DirectMethodHandle$Holder.invokeSpecialIFC(java.lang.Object, java.lang.Object, int, java.lang.Object, java.lang.Object, java.lang.Object, java.lang.Object)'> (0x0000000089994730) 
thrown [s\open\src\hotspot\share\interpreter\linkResolver.cpp, line 773]
Event: 19.028 Thread 0x000001ba4a93af00 Exception <a 'java/lang/NoSuchMethodError'{0x0000000089a7e990}: 'void java.lang.invoke.DirectMethodHandle$Holder.invokeSpecialIFC(java.lang.Object, java.lang.Object, int, java.lang.Object, java.lang.Object, java.lang.Object, java.lang.Object)'> (0x0000000089a7e990) 
thrown [s\open\src\hotspot\share\interpreter\linkResolver.cpp, line 773]
Event: 19.028 Thread 0x000001ba4a937a80 Exception <a 'java/lang/NoSuchMethodError'{0x00000000899c4160}: 'void java.lang.invoke.DirectMethodHandle$Holder.invokeSpecialIFC(java.lang.Object, java.lang.Object, int, java.lang.Object, java.lang.Object, java.lang.Object, java.lang.Object)'> (0x00000000899c4160) 
thrown [s\open\src\hotspot\share\interpreter\linkResolver.cpp, line 773]
Event: 19.028 Thread 0x000001ba4a93a870 Exception <a 'java/lang/NoSuchMethodError'{0x000000008995db90}: 'void java.lang.invoke.DirectMethodHandle$Holder.invokeSpecialIFC(java.lang.Object, java.lang.Object, int, java.lang.Object, java.lang.Object, java.lang.Object, java.lang.Object)'> (0x000000008995db90) 
thrown [s\open\src\hotspot\share\interpreter\linkResolver.cpp, line 773]
Event: 19.028 Thread 0x000001ba46759410 Exception <a 'java/lang/NoSuchMethodError'{0x0000000089a3bbc8}: 'void java.lang.invoke.DirectMethodHandle$Holder.invokeSpecialIFC(java.lang.Object, java.lang.Object, int, java.lang.Object, java.lang.Object, java.lang.Object, java.lang.Object)'> (0x0000000089a3bbc8) 
thrown [s\open\src\hotspot\share\interpreter\linkResolver.cpp, line 773]
Event: 19.038 Thread 0x000001ba4a937a80 Exception <a 'java/lang/NoSuchMethodError'{0x0000000089802dc0}: 'void java.lang.invoke.Invokers$Holder.invokeExact_MT(java.lang.Object, java.lang.Object, int, java.lang.Object)'> (0x0000000089802dc0) 
thrown [s\open\src\hotspot\share\interpreter\linkResolver.cpp, line 773]
Event: 19.038 Thread 0x000001ba4a93a870 Exception <a 'java/lang/NoSuchMethodError'{0x00000000899667a0}: 'void java.lang.invoke.Invokers$Holder.invokeExact_MT(java.lang.Object, java.lang.Object, int, java.lang.Object)'> (0x00000000899667a0) 
thrown [s\open\src\hotspot\share\interpreter\linkResolver.cpp, line 773]
Event: 19.038 Thread 0x000001ba4a93e380 Exception <a 'java/lang/NoSuchMethodError'{0x000000008999f6d8}: 'void java.lang.invoke.Invokers$Holder.invokeExact_MT(java.lang.Object, java.lang.Object, int, java.lang.Object)'> (0x000000008999f6d8) 
thrown [s\open\src\hotspot\share\interpreter\linkResolver.cpp, line 773]
Event: 19.038 Thread 0x000001ba4675c200 Exception <a 'java/lang/NoSuchMethodError'{0x0000000089928728}: 'void java.lang.invoke.Invokers$Holder.invokeExact_MT(java.lang.Object, java.lang.Object, int, java.lang.Object)'> (0x0000000089928728) 
thrown [s\open\src\hotspot\share\interpreter\linkResolver.cpp, line 773]
Event: 19.038 Thread 0x000001ba4a93af00 Exception <a 'java/lang/NoSuchMethodError'{0x0000000089a868e0}: 'void java.lang.invoke.Invokers$Holder.invokeExact_MT(java.lang.Object, java.lang.Object, int, java.lang.Object)'> (0x0000000089a868e0) 
thrown [s\open\src\hotspot\share\interpreter\linkResolver.cpp, line 773]
Event: 19.038 Thread 0x000001ba46759410 Exception <a 'java/lang/NoSuchMethodError'{0x00000000899dc188}: 'void java.lang.invoke.Invokers$Holder.invokeExact_MT(java.lang.Object, java.lang.Object, int, java.lang.Object)'> (0x00000000899dc188) 
thrown [s\open\src\hotspot\share\interpreter\linkResolver.cpp, line 773]
Event: 63.309 Thread 0x000001ba4a93a870 Exception <a 'java/io/IOException'{0x00000000899197b8}> (0x00000000899197b8) 
thrown [s\open\src\hotspot\share\prims\jni.cpp, line 520]
Event: 67.458 Thread 0x000001ba4a937a80 Implicit null exception at 0x000001ba6f68da1d to 0x000001ba6f68df20
Event: 67.484 Thread 0x000001ba4a9387a0 Implicit null exception at 0x000001ba6f68da1d to 0x000001ba6f68df20
Event: 67.489 Thread 0x000001ba4a93a870 Implicit null exception at 0x000001ba6f68da1d to 0x000001ba6f68df20
Event: 67.497 Thread 0x000001ba4a93af00 Implicit null exception at 0x000001ba6f68da1d to 0x000001ba6f68df20

ZGC Phase Switch (0 events):
No events

VM Operations (20 events):
Event: 60.244 Executing VM operation: RendezvousGCThreads
Event: 60.244 Executing VM operation: RendezvousGCThreads done
Event: 61.258 Executing VM operation: Cleanup
Event: 61.258 Executing VM operation: Cleanup done
Event: 62.862 Executing VM operation: G1CollectForAllocation (G1 Evacuation Pause)
Event: 62.864 Executing VM operation: G1CollectForAllocation (G1 Evacuation Pause) done
Event: 63.889 Executing VM operation: G1CollectForAllocation (G1 Evacuation Pause)
Event: 63.893 Executing VM operation: G1CollectForAllocation (G1 Evacuation Pause) done
Event: 64.897 Executing VM operation: Cleanup
Event: 64.897 Executing VM operation: Cleanup done
Event: 65.699 Executing VM operation: G1CollectForAllocation (G1 Evacuation Pause)
Event: 65.703 Executing VM operation: G1CollectForAllocation (G1 Evacuation Pause) done
Event: 65.759 Executing VM operation: G1PauseRemark
Event: 65.769 Executing VM operation: G1PauseRemark done
Event: 65.789 Executing VM operation: G1PauseCleanup
Event: 65.789 Executing VM operation: G1PauseCleanup done
Event: 66.800 Executing VM operation: Cleanup
Event: 66.801 Executing VM operation: Cleanup done
Event: 71.637 Executing VM operation: G1CollectForAllocation (G1 Evacuation Pause)
Event: 71.640 Executing VM operation: G1CollectForAllocation (G1 Evacuation Pause) done

Events (20 events):
Event: 65.768 Thread 0x000001ba7b65f840 flushing nmethod 0x000001ba682be510
Event: 65.768 Thread 0x000001ba7b65f840 flushing nmethod 0x000001ba68048110
Event: 65.768 Thread 0x000001ba7b65f840 flushing nmethod 0x000001ba67cf6590
Event: 65.768 Thread 0x000001ba7b65f840 flushing nmethod 0x000001ba67d4f790
Event: 65.768 Thread 0x000001ba7b65f840 flushing nmethod 0x000001ba67d46810
Event: 65.768 Thread 0x000001ba7b65f840 flushing nmethod 0x000001ba67c84d90
Event: 65.768 Thread 0x000001ba7b65f840 flushing nmethod 0x000001ba67cc0a10
Event: 65.768 Thread 0x000001ba7b65f840 flushing nmethod 0x000001ba67b9f890
Event: 65.768 Thread 0x000001ba7b65f840 flushing nmethod 0x000001ba67b97810
Event: 65.768 Thread 0x000001ba7b65f840 flushing nmethod 0x000001ba67aa4110
Event: 65.768 Thread 0x000001ba7b65f840 flushing nmethod 0x000001ba67871310
Event: 65.768 Thread 0x000001ba7b65f840 flushing nmethod 0x000001ba677b2c90
Event: 65.768 Thread 0x000001ba7b65f840 flushing nmethod 0x000001ba677a2b90
Event: 65.768 Thread 0x000001ba7b65f840 flushing nmethod 0x000001ba676d3d90
Event: 65.768 Thread 0x000001ba7b65f840 flushing nmethod 0x000001ba676d3610
Event: 65.768 Thread 0x000001ba7b65f840 flushing nmethod 0x000001ba676d2d10
Event: 65.768 Thread 0x000001ba7b65f840 flushing nmethod 0x000001ba675a8390
Event: 65.768 Thread 0x000001ba7b65f840 flushing nmethod 0x000001ba67502710
Event: 65.768 Thread 0x000001ba7b65f840 flushing nmethod 0x000001ba672b7210
Event: 70.250 Thread 0x000001ba4a93a1e0 Thread exited: 0x000001ba4a93a1e0


Dynamic libraries:
0x00007ff7926b0000 - 0x00007ff7926be000 	C:\jdk-21.0.1\bin\java.exe
0x00007ffdfa310000 - 0x00007ffdfa527000 	C:\WINDOWS\SYSTEM32\ntdll.dll
0x00007ffdf8060000 - 0x00007ffdf8124000 	C:\WINDOWS\System32\KERNEL32.DLL
0x00007ffdf77a0000 - 0x00007ffdf7b46000 	C:\WINDOWS\System32\KERNELBASE.dll
0x00007ffdf7c80000 - 0x00007ffdf7d91000 	C:\WINDOWS\System32\ucrtbase.dll
0x00007ffdeec30000 - 0x00007ffdeec48000 	C:\jdk-21.0.1\bin\jli.dll
0x00007ffdf1bd0000 - 0x00007ffdf1beb000 	C:\jdk-21.0.1\bin\VCRUNTIME140.dll
0x00007ffdf9ed0000 - 0x00007ffdfa07e000 	C:\WINDOWS\System32\USER32.dll
0x00007ffdf7ec0000 - 0x00007ffdf7ee6000 	C:\WINDOWS\System32\win32u.dll
0x00007ffde4e70000 - 0x00007ffde5103000 	C:\WINDOWS\WinSxS\amd64_microsoft.windows.common-controls_6595b64144ccf1df_6.0.22621.2506_none_270c5ae97388e100\COMCTL32.dll
0x00007ffdf9990000 - 0x00007ffdf99b9000 	C:\WINDOWS\System32\GDI32.dll
0x00007ffdf7680000 - 0x00007ffdf7798000 	C:\WINDOWS\System32\gdi32full.dll
0x00007ffdf7e20000 - 0x00007ffdf7eba000 	C:\WINDOWS\System32\msvcp_win.dll
0x00007ffdf87c0000 - 0x00007ffdf8867000 	C:\WINDOWS\System32\msvcrt.dll
0x00007ffdf8870000 - 0x00007ffdf88a1000 	C:\WINDOWS\System32\IMM32.DLL
0x00007ffdf4970000 - 0x00007ffdf497c000 	C:\jdk-21.0.1\bin\vcruntime140_1.dll
0x00007ffde52d0000 - 0x00007ffde535e000 	C:\jdk-21.0.1\bin\msvcp140.dll
0x00007ffdbac90000 - 0x00007ffdbb9a5000 	C:\jdk-21.0.1\bin\server\jvm.dll
0x00007ffdf9d60000 - 0x00007ffdf9e11000 	C:\WINDOWS\System32\ADVAPI32.dll
0x00007ffdf9a70000 - 0x00007ffdf9b15000 	C:\WINDOWS\System32\sechost.dll
0x00007ffdf9b40000 - 0x00007ffdf9c57000 	C:\WINDOWS\System32\RPCRT4.dll
0x00007ffdfa080000 - 0x00007ffdfa0f1000 	C:\WINDOWS\System32\WS2_32.dll
0x00007ffdf7550000 - 0x00007ffdf759d000 	C:\WINDOWS\SYSTEM32\POWRPROF.dll
0x00007ffdeeac0000 - 0x00007ffdeeaf4000 	C:\WINDOWS\SYSTEM32\WINMM.dll
0x00007ffdeda90000 - 0x00007ffdeda9a000 	C:\WINDOWS\SYSTEM32\VERSION.dll
0x00007ffdf7530000 - 0x00007ffdf7543000 	C:\WINDOWS\SYSTEM32\UMPDC.dll
0x00007ffdf6680000 - 0x00007ffdf6698000 	C:\WINDOWS\SYSTEM32\kernel.appcore.dll
0x00007ffdf4910000 - 0x00007ffdf491a000 	C:\jdk-21.0.1\bin\jimage.dll
0x00007ffdea490000 - 0x00007ffdea6c3000 	C:\WINDOWS\SYSTEM32\DBGHELP.DLL
0x00007ffdf8130000 - 0x00007ffdf84b9000 	C:\WINDOWS\System32\combase.dll
0x00007ffdf8a70000 - 0x00007ffdf8b47000 	C:\WINDOWS\System32\OLEAUT32.dll
0x00007ffddf550000 - 0x00007ffddf582000 	C:\WINDOWS\SYSTEM32\dbgcore.DLL
0x00007ffdf7da0000 - 0x00007ffdf7e1a000 	C:\WINDOWS\System32\bcryptPrimitives.dll
0x00007ffdeec20000 - 0x00007ffdeec2f000 	C:\jdk-21.0.1\bin\instrument.dll
0x00007ffdeb180000 - 0x00007ffdeb19f000 	C:\jdk-21.0.1\bin\java.dll
0x00007ffdf9130000 - 0x00007ffdf998a000 	C:\WINDOWS\System32\SHELL32.dll
0x00007ffdf55a0000 - 0x00007ffdf5e96000 	C:\WINDOWS\SYSTEM32\windows.storage.dll
0x00007ffdf5460000 - 0x00007ffdf559e000 	C:\WINDOWS\SYSTEM32\wintypes.dll
0x00007ffdf9c60000 - 0x00007ffdf9d53000 	C:\WINDOWS\System32\SHCORE.dll
0x00007ffdf90b0000 - 0x00007ffdf910e000 	C:\WINDOWS\System32\shlwapi.dll
0x00007ffdf75b0000 - 0x00007ffdf75d6000 	C:\WINDOWS\SYSTEM32\profapi.dll
0x00007ffdba2c0000 - 0x00007ffdba397000 	C:\jdk-21.0.1\bin\jsvml.dll
0x00007ffde9760000 - 0x00007ffde9778000 	C:\jdk-21.0.1\bin\zip.dll
0x00007ffdea200000 - 0x00007ffdea210000 	C:\jdk-21.0.1\bin\net.dll
0x00007ffdf0810000 - 0x00007ffdf0947000 	C:\WINDOWS\SYSTEM32\WINHTTP.dll
0x00007ffdf6b00000 - 0x00007ffdf6b69000 	C:\WINDOWS\system32\mswsock.dll
0x00007ffde9740000 - 0x00007ffde9756000 	C:\jdk-21.0.1\bin\nio.dll
0x00007ffde7740000 - 0x00007ffde775a000 	C:\Program Files\JetBrains\IntelliJ IDEA Community Edition 2023.2.5\bin\breakgen64.dll
0x00007ffde8ca0000 - 0x00007ffde8ca7000 	C:\jdk-21.0.1\bin\extnet.dll
0x00007ffde7e60000 - 0x00007ffde7e6a000 	C:\jdk-21.0.1\bin\management.dll
0x00007ffde7e40000 - 0x00007ffde7e4b000 	C:\jdk-21.0.1\bin\management_ext.dll
0x00007ffdfa250000 - 0x00007ffdfa258000 	C:\WINDOWS\System32\PSAPI.DLL
0x00007ffde6f20000 - 0x00007ffde6f2e000 	C:\jdk-21.0.1\bin\sunmscapi.dll
0x00007ffdf7ef0000 - 0x00007ffdf8056000 	C:\WINDOWS\System32\CRYPT32.dll
0x00007ffdf6f10000 - 0x00007ffdf6f3d000 	C:\WINDOWS\SYSTEM32\ncrypt.dll
0x00007ffdf6ed0000 - 0x00007ffdf6f07000 	C:\WINDOWS\SYSTEM32\NTASN1.dll
0x00007ffdf6d50000 - 0x00007ffdf6d6b000 	C:\WINDOWS\SYSTEM32\CRYPTSP.dll
0x00007ffdf65e0000 - 0x00007ffdf6615000 	C:\WINDOWS\system32\rsaenh.dll
0x00007ffdf6bf0000 - 0x00007ffdf6c1c000 	C:\WINDOWS\SYSTEM32\USERENV.dll
0x00007ffdf6f40000 - 0x00007ffdf6f68000 	C:\WINDOWS\SYSTEM32\bcrypt.dll
0x00007ffdf6d70000 - 0x00007ffdf6d7c000 	C:\WINDOWS\SYSTEM32\CRYPTBASE.dll
0x00007ffdf6100000 - 0x00007ffdf612d000 	C:\WINDOWS\SYSTEM32\IPHLPAPI.DLL
0x00007ffdf9120000 - 0x00007ffdf9129000 	C:\WINDOWS\System32\NSI.dll
0x00007ffdf6170000 - 0x00007ffdf6269000 	C:\WINDOWS\SYSTEM32\DNSAPI.dll
0x00007ffdf0f20000 - 0x00007ffdf0f2a000 	C:\Windows\System32\rasadhlp.dll
0x00007ffdeef80000 - 0x00007ffdef003000 	C:\WINDOWS\System32\fwpuclnt.dll
0x00007ffde7c80000 - 0x00007ffde7c90000 	C:\jdk-21.0.1\bin\verify.dll
0x00007ffdd5680000 - 0x00007ffdd5688000 	C:\WINDOWS\system32\wshunix.dll

dbghelp: loaded successfully - version: 4.0.5 - missing functions: none
symbol engine: initialized successfully - sym options: 0x614 - pdb path: .;C:\jdk-21.0.1\bin;C:\WINDOWS\SYSTEM32;C:\WINDOWS\WinSxS\amd64_microsoft.windows.common-controls_6595b64144ccf1df_6.0.22621.2506_none_270c5ae97388e100;C:\jdk-21.0.1\bin\server;C:\Program Files\JetBrains\IntelliJ IDEA Community Edition 2023.2.5\bin

VM Arguments:
jvm_args: -javaagent:C:\Program Files\JetBrains\IntelliJ IDEA Community Edition 2023.2.5\lib\idea_rt.jar=55005:C:\Program Files\JetBrains\IntelliJ IDEA Community Edition 2023.2.5\bin -Dfile.encoding=UTF-8 -Dsun.stdout.encoding=UTF-8 -Dsun.stderr.encoding=UTF-8 
java_command: meu.booking_rebuild.BookingRebuildApplication
java_class_path (initial): C:\Project\booking_api_rebuild\target\classes;C:\Users\QUOC DAT\.m2\repository\org\springframework\boot\spring-boot-starter-data-jpa\3.2.0\spring-boot-starter-data-jpa-3.2.0.jar;C:\Users\QUOC DAT\.m2\repository\org\springframework\boot\spring-boot-starter-aop\3.2.0\spring-boot-starter-aop-3.2.0.jar;C:\Users\QUOC DAT\.m2\repository\org\springframework\spring-aop\6.1.1\spring-aop-6.1.1.jar;C:\Users\QUOC DAT\.m2\repository\org\aspectj\aspectjweaver\1.9.20.1\aspectjweaver-1.9.20.1.jar;C:\Users\QUOC DAT\.m2\repository\org\springframework\boot\spring-boot-starter-jdbc\3.2.0\spring-boot-starter-jdbc-3.2.0.jar;C:\Users\QUOC DAT\.m2\repository\com\zaxxer\HikariCP\5.0.1\HikariCP-5.0.1.jar;C:\Users\QUOC DAT\.m2\repository\org\springframework\spring-jdbc\6.1.1\spring-jdbc-6.1.1.jar;C:\Users\QUOC DAT\.m2\repository\org\hibernate\orm\hibernate-core\6.3.1.Final\hibernate-core-6.3.1.Final.jar;C:\Users\QUOC DAT\.m2\repository\jakarta\persistence\jakarta.persistence-api\3.1.0\jakarta.persistence-api-3.1.0.jar;C:\Users\QUOC DAT\.m2\repository\jakarta\transaction\jakarta.transaction-api\2.0.1\jakarta.transaction-api-2.0.1.jar;C:\Users\QUOC DAT\.m2\repository\org\jboss\logging\jboss-logging\3.5.3.Final\jboss-logging-3.5.3.Final.jar;C:\Users\QUOC DAT\.m2\repository\org\hibernate\common\hibernate-commons-annotations\6.0.6.Final\hibernate-commons-annotations-6.0.6.Final.jar;C:\Users\QUOC DAT\.m2\repository\io\smallrye\jandex\3.1.2\jandex-3.1.2.jar;C:\Users\QUOC DAT\.m2\repository\com\fasterxml\classmate\1.6.0\classmate-1.6.0.jar;C:\Users\QUOC DAT\.m2\repository\net\bytebuddy\byte-buddy\1.14.10\byte-buddy-1.14.10.jar;C:\Users\QUOC DAT\.m2\repository\org\glassfish\jaxb\jaxb-runtime\4.0.4\jaxb-runtime-4.0.4.jar;C:\Users\QUOC DAT\.m2\repository\org\glassfish\jaxb\jaxb-core\4.0.4\jaxb-core-4.0.4.jar;C:\Users\QUOC DAT\.m2\repository\org\eclipse\angus\angus-activation\2.0.1\angus-activation-2.0.1.jar;C:\Users\QUOC DAT\.m2\repository\org\glassfish\jaxb\txw2\4.0.4\txw2-4.0.4.jar;C:\Users\QUOC DAT\.m2\repository\com\sun\istack\istack-commons-runtime\4.1.2\istack-commons-runtime-4.1.2.jar;C:\Users\QUOC DAT\.m2\repository\jakarta\inject\jakarta.inject-api\2.0.1\jakarta.inject-api-2.0.1.jar;C:\Users\QUOC DAT\.m2\repository\org\antlr\antlr4-runtime\4.10.1\antlr4-runtime-4.10.1.jar;C:\Users\QUOC DAT\.m2\repository\org\springframework\data\spring-data-jpa\3.2.0\spring-data-jpa-3.2.0.jar;C:\Users\QUOC DAT\.m2\repository\org\springframework\data\spring-data-commons\3.2.0\spring-data-commons-3.2.0.jar;C:\Users\QUOC DAT\.m2\repository\org\springframework\spring-orm\6.1.1\spring-orm-6.1.1.jar;C:\Users\QUOC DAT\.m2\repository\org\springframework\spring-context\6.1.1\spring-context-6.1.1.jar;C:\Users\QUOC DAT\.m2\repository\org\springframework\spring-tx\6.1.1\spring-tx-6.1.1.jar;C:\Users\QUOC DAT\.m2\repository\org\springframework\spring-beans\6.1.1\spring-beans-6.1.1.jar;C:\Users\QUOC DAT\.m2\repository\jakarta\annotation\jakarta.annotation-api\2.1.1\jakarta.annotation-api-2.1.1.jar;C:\Users\QUOC DAT\.m2\repository\org\slf4j\slf4j-api\2.0.9\slf4j-api-2.0.9.jar;C:\Users\QUOC DAT\.m2\repository\org\springframework\spring-aspects\6.1.1\spring-aspects-6.1.1.jar;C:\Users\QUOC DAT\.m2\repository\org\springframework\boot\spring-boot-starter-web\3.2.0\spring-boot-starter-web-3.2.0.jar;C:\Users\QUOC DAT\.m2\repository\org\springframework\boot\spring-boot-starter\3.2.0\spring-boot-starter-3.2.0.jar;C:\Users\QUOC DAT\.m2\repository\org\springframework\boot\spring-boot-starter-logging\3.2.0\spring-boot-starter-logging-3.2.0.jar;C:\Users\QUOC DAT\.m2\repository\ch\qos\logback\logback-classic\1.4.11\logback-classic-1.4.11.jar;C:\Users\QUOC DAT\.m2\repository\ch\qos\logback\logback-core\1.4.11\logback-core-1.4.11.jar;C:\Users\QUOC DAT\.m2\repository\org\apache\logging\log4j\log4j-to-slf4j\2.21.1\log4j-to-slf4j-2.21.1.jar;C:\Users\QUOC DAT\.m2\repository\org\apache\logging\log4j\log4j-api\2.21.1\log4j-api-2.21.1.jar;C:\Users\QUOC DAT\.m2\repository\org\slf4j\jul-to-slf4j\2.0.9\jul-to-slf4j-2.0.9.jar;C:\Users\QUOC DAT\.m2\repository\org\yaml\snakeyaml\2.2\snakeyaml-2.2.jar;C:\Users\QUOC DAT\.m2\repository\org\springframework\boot\spring-boot-starter-json\3.2.0\spring-boot-starter-json-3.2.0.jar;C:\Users\QUOC DAT\.m2\repository\com\fasterxml\jackson\core\jackson-databind\2.15.3\jackson-databind-2.15.3.jar;C:\Users\QUOC DAT\.m2\repository\com\fasterxml\jackson\core\jackson-annotations\2.15.3\jackson-annotations-2.15.3.jar;C:\Users\QUOC DAT\.m2\repository\com\fasterxml\jackson\core\jackson-core\2.15.3\jackson-core-2.15.3.jar;C:\Users\QUOC DAT\.m2\repository\com\fasterxml\jackson\datatype\jackson-datatype-jdk8\2.15.3\jackson-datatype-jdk8-2.15.3.jar;C:\Users\QUOC DAT\.m2\repository\com\fasterxml\jackson\datatype\jackson-datatype-jsr310\2.15.3\jackson-datatype-jsr310-2.15.3.jar;C:\Users\QUOC DAT\.m2\repository\com\fasterxml\jackson\module\jackson-module-parameter-names\2.15.3\jackson-module-parameter-names-2.15.3.jar;C:\Users\QUOC DAT\.m2\repository\org\springframework\boot\spring-boot-starter-tomcat\3.2.0\spring-boot-starter-tomcat-3.2.0.jar;C:\Users\QUOC DAT\.m2\repository\org\apache\tomcat\embed\tomcat-embed-core\10.1.16\tomcat-embed-core-10.1.16.jar;C:\Users\QUOC DAT\.m2\repository\org\apache\tomcat\embed\tomcat-embed-el\10.1.16\tomcat-embed-el-10.1.16.jar;C:\Users\QUOC DAT\.m2\repository\org\apache\tomcat\embed\tomcat-embed-websocket\10.1.16\tomcat-embed-websocket-10.1.16.jar;C:\Users\QUOC DAT\.m2\repository\org\springframework\spring-web\6.1.1\spring-web-6.1.1.jar;C:\Users\QUOC DAT\.m2\repository\io\micrometer\micrometer-observation\1.12.0\micrometer-observation-1.12.0.jar;C:\Users\QUOC DAT\.m2\repository\io\micrometer\micrometer-commons\1.12.0\micrometer-commons-1.12.0.jar;C:\Users\QUOC DAT\.m2\repository\org\springframework\spring-webmvc\6.1.1\spring-webmvc-6.1.1.jar;C:\Users\QUOC DAT\.m2\repository\org\springframework\spring-expression\6.1.1\spring-expression-6.1.1.jar;C:\Users\QUOC DAT\.m2\repository\org\apache\poi\poi-ooxml\4.1.0\poi-ooxml-4.1.0.jar;C:\Users\QUOC DAT\.m2\repository\org\apache\poi\poi\4.1.0\poi-4.1.0.jar;C:\Users\QUOC DAT\.m2\repository\commons-codec\commons-codec\1.16.0\commons-codec-1.16.0.jar;C:\Users\QUOC DAT\.m2\repository\org\apache\commons\commons-collections4\4.3\commons-collections4-4.3.jar;C:\Users\QUOC DAT\.m2\repository\org\apache\commons\commons-math3\3.6.1\commons-math3-3.6.1.jar;C:\Users\QUOC DAT\.m2\repository\org\apache\poi\poi-ooxml-schemas\4.1.0\poi-ooxml-schemas-4.1.0.jar;C:\Users\QUOC DAT\.m2\repository\org\apache\xmlbeans\xmlbeans\3.1.0\xmlbeans-3.1.0.jar;C:\Users\QUOC DAT\.m2\repository\org\apache\commons\commons-compress\1.18\commons-compress-1.18.jar;C:\Users\QUOC DAT\.m2\repository\com\github\virtuald\curvesapi\1.06\curvesapi-1.06.jar;C:\Users\QUOC DAT\.m2\repository\e-iceblue\spire.xls\13.11.6\spire.xls-13.11.6.jar;C:\Users\QUOC DAT\.m2\repository\e-iceblue\spire.pdf\9.12.0\spire.pdf-9.12.0.jar;C:\Users\QUOC DAT\.m2\repository\org\springframework\boot\spring-boot-devtools\3.2.0\spring-boot-devtools-3.2.0.jar;C:\Users\QUOC DAT\.m2\repository\org\springframework\boot\spring-boot\3.2.0\spring-boot-3.2.0.jar;C:\Users\QUOC DAT\.m2\repository\org\springframework\boot\spring-boot-autoconfigure\3.2.0\spring-boot-autoconfigure-3.2.0.jar;C:\Users\QUOC DAT\.m2\repository\org\postgresql\postgresql\42.6.0\postgresql-42.6.0.jar;C:\Users\QUOC DAT\.m2\repository\org\checkerframework\checker-qual\3.31.0\checker-qual-3.31.0.jar;C:\Users\QUOC DAT\.m2\repository\com\itextpdf\itextpdf\5.5.13.2\itextpdf-5.5.13.2.jar;C:\Users\QUOC DAT\.m2\repository\org\projectlombok\lombok\1.18.30\lombok-1.18.30.jar;C:\Users\QUOC DAT\.m2\repository\jakarta\xml\bind\jakarta.xml.bind-api\4.0.1\jakarta.xml.bind-api-4.0.1.jar;C:\Users\QUOC DAT\.m2\repository\jakarta\activation\jakarta.activation-api\2.1.2\jakarta.activation-api-2.1.2.jar;C:\Users\QUOC DAT\.m2\repository\org\springframework\spring-core\6.1.1\spring-core-6.1.1.jar;C:\Users\QUOC DAT\.m2\repository\org\springframework\spring-jcl\6.1.1\spring-jcl-6.1.1.jar;C:\Users\QUOC DAT\.m2\repository\org\springdoc\springdoc-openapi-starter-webmvc-ui\2.2.0\springdoc-openapi-starter-webmvc-ui-2.2.0.jar;C:\Users\QUOC DAT\.m2\repository\org\springdoc\springdoc-openapi-starter-webmvc-api\2.2.0\springdoc-openapi-starter-webmvc-api-2.2.0.jar;C:\Users\QUOC DAT\.m2\repository\org\springdoc\springdoc-openapi-starter-common\2.2.0\springdoc-openapi-starter-common-2.2.0.jar;C:\Users\QUOC DAT\.m2\repository\io\swagger\core\v3\swagger-core-jakarta\2.2.15\swagger-core-jakarta-2.2.15.jar;C:\Users\QUOC DAT\.m2\repository\org\apache\commons\commons-lang3\3.13.0\commons-lang3-3.13.0.jar;C:\Users\QUOC DAT\.m2\repository\io\swagger\core\v3\swagger-annotations-jakarta\2.2.15\swagger-annotations-jakarta-2.2.15.jar;C:\Users\QUOC DAT\.m2\repository\io\swagger\core\v3\swagger-models-jakarta\2.2.15\swagger-models-jakarta-2.2.15.jar;C:\Users\QUOC DAT\.m2\repository\jakarta\validation\jakarta.validation-api\3.0.2\jakarta.validation-api-3.0.2.jar;C:\Users\QUOC DAT\.m2\repository\com\fasterxml\jackson\dataformat\jackson-dataformat-yaml\2.15.3\jackson-dataformat-yaml-2.15.3.jar;C:\Users\QUOC DAT\.m2\repository\org\webjars\swagger-ui\5.2.0\swagger-ui-5.2.0.jar
Launcher Type: SUN_STANDARD

[Global flags]
     intx CICompilerCount                          = 4                                         {product} {ergonomic}
     uint ConcGCThreads                            = 2                                         {product} {ergonomic}
     uint G1ConcRefinementThreads                  = 8                                         {product} {ergonomic}
   size_t G1HeapRegionSize                         = 1048576                                   {product} {ergonomic}
    uintx GCDrainStackTargetSize                   = 64                                        {product} {ergonomic}
   size_t InitialHeapSize                          = 130023424                                 {product} {ergonomic}
   size_t MarkStackSize                            = 4194304                                   {product} {ergonomic}
   size_t MaxHeapSize                              = 2065694720                                {product} {ergonomic}
   size_t MaxNewSize                               = 1239416832                                {product} {ergonomic}
   size_t MinHeapDeltaBytes                        = 1048576                                   {product} {ergonomic}
   size_t MinHeapSize                              = 8388608                                   {product} {ergonomic}
    uintx NonNMethodCodeHeapSize                   = 5839372                                {pd product} {ergonomic}
    uintx NonProfiledCodeHeapSize                  = 122909434                              {pd product} {ergonomic}
    uintx ProfiledCodeHeapSize                     = 122909434                              {pd product} {ergonomic}
    uintx ReservedCodeCacheSize                    = 251658240                              {pd product} {ergonomic}
     bool SegmentedCodeCache                       = true                                      {product} {ergonomic}
   size_t SoftMaxHeapSize                          = 2065694720                             {manageable} {ergonomic}
     bool UseCompressedOops                        = true                           {product lp64_product} {ergonomic}
     bool UseG1GC                                  = true                                      {product} {ergonomic}
     bool UseLargePagesIndividualAllocation        = false                                  {pd product} {ergonomic}

Logging:
Log output configuration:
 #0: stdout all=warning uptime,level,tags foldmultilines=false
 #1: stderr all=off uptime,level,tags foldmultilines=false

Environment Variables:
JAVA_HOME=C:\jdk-21.0.1
PATH=C:\Program Files\Common Files\Oracle\Java\javapath;C:\WINDOWS\system32;C:\WINDOWS;C:\WINDOWS\System32\Wbem;C:\WINDOWS\System32\WindowsPowerShell\v1.0\;C:\WINDOWS\System32\OpenSSH\;C:\jdk-21.0.1\bin;C:\apache-maven-3.9.5\bin;C:\Program Files\Git\cmd;C:\Program Files\nodejs\;C:\Users\QUOC DAT\anaconda3;C:\Users\QUOC DAT\anaconda3\Library\mingw-w64\bin;C:\Users\QUOC DAT\anaconda3\Library\usr\bin;C:\Users\QUOC DAT\anaconda3\Library\bin;C:\Users\QUOC DAT\anaconda3\Scripts;C:\Users\QUOC DAT\AppData\Local\Programs\Python\Python312\Scripts\;C:\Users\QUOC DAT\AppData\Local\Programs\Python\Python312\;C:\Users\QUOC DAT\AppData\Local\Microsoft\WindowsApps;C:\Program Files\JetBrains\IntelliJ IDEA Community Edition 2023.2.5\bin;;C:\Users\QUOC DAT\AppData\Local\Programs\Microsoft VS Code\bin;C:\Users\QUOC DAT\AppData\Roaming\npm
USERNAME=QUOC DAT
OS=Windows_NT
PROCESSOR_IDENTIFIER=AMD64 Family 23 Model 24 Stepping 1, AuthenticAMD
TMP=C:\Users\QUOCDA~1\AppData\Local\Temp
TEMP=C:\Users\QUOCDA~1\AppData\Local\Temp




Periodic native trim disabled

---------------  S Y S T E M  ---------------

OS:
 Windows 11 , 64 bit Build 22621 (10.0.22621.2506)
OS uptime: 5 days 21:12 hours

CPU: total 8 (initial active 8) (8 cores per cpu, 2 threads per core) family 23 model 24 stepping 1 microcode 0x0, cx8, cmov, fxsr, ht, mmx, 3dnowpref, sse, sse2, sse3, ssse3, sse4a, sse4.1, sse4.2, popcnt, lzcnt, tsc, tscinvbit, avx, avx2, aes, clmul, bmi1, bmi2, adx, sha, fma, vzeroupper, clflush, clflushopt, rdtscp, f16c
Processor Information for all 8 processors :
  Max Mhz: 2100, Current Mhz: 2100, Mhz Limit: 2100

Memory: 4k page, system-wide physical 7873M (235M free)
TotalPageFile size 32449M (AvailPageFile size 3M)
current process WorkingSet (physical memory assigned to process): 266M, peak: 326M
current process commit charge ("private bytes"): 345M, peak: 371M

vm_info: OpenJDK 64-Bit Server VM (21.0.1+12-29) for windows-amd64 JRE (21.0.1+12-29), built on 2023-10-05T13:27:09Z by "mach5one" with MS VC++ 17.1 (VS2022)

END.
